<?xml version="1.0" encoding="UTF-8"?>
<testng-results skipped="0" failed="0" ignored="0" total="5" passed="5">
  <reporter-output>
  </reporter-output>
  <suite name="Default suite" duration-ms="14788" started-at="2018-07-03T05:36:08Z" finished-at="2018-07-03T05:36:23Z">
    <groups>
    </groups>
    <test name="Default test" duration-ms="14788" started-at="2018-07-03T05:36:08Z" finished-at="2018-07-03T05:36:23Z">
      <class name="com.olympics.OlympicsProjects">
        <test-method status="PASS" signature="setUp()[pri:0, instance:com.olympics.OlympicsProjects@604ed9f0]" name="setUp" is-config="true" duration-ms="8511" started-at="2018-07-03T05:36:08Z" finished-at="2018-07-03T05:36:17Z">
          <reporter-output>
          </reporter-output>
        </test-method> <!-- setUp -->
        <test-method status="PASS" signature="sortTest()[pri:1, instance:com.olympics.OlympicsProjects@604ed9f0]" name="sortTest" duration-ms="1260" started-at="2018-07-03T05:36:17Z" finished-at="2018-07-03T05:36:18Z">
          <reporter-output>
          </reporter-output>
        </test-method> <!-- sortTest -->
        <test-method status="PASS" signature="theMost()[pri:2, instance:com.olympics.OlympicsProjects@604ed9f0]" name="theMost" duration-ms="3382" started-at="2018-07-03T05:36:18Z" finished-at="2018-07-03T05:36:22Z">
          <reporter-output>
          </reporter-output>
        </test-method> <!-- theMost -->
        <test-method status="PASS" signature="countryByMedal()[pri:3, instance:com.olympics.OlympicsProjects@604ed9f0]" name="countryByMedal" duration-ms="327" started-at="2018-07-03T05:36:22Z" finished-at="2018-07-03T05:36:22Z">
          <reporter-output>
          </reporter-output>
        </test-method> <!-- countryByMedal -->
        <test-method status="PASS" signature="getIndex()[pri:4, instance:com.olympics.OlympicsProjects@604ed9f0]" name="getIndex" duration-ms="385" started-at="2018-07-03T05:36:22Z" finished-at="2018-07-03T05:36:22Z">
          <reporter-output>
          </reporter-output>
        </test-method> <!-- getIndex -->
        <test-method status="PASS" signature="testCase5()[pri:5, instance:com.olympics.OlympicsProjects@604ed9f0]" name="testCase5" duration-ms="879" started-at="2018-07-03T05:36:22Z" finished-at="2018-07-03T05:36:23Z">
          <reporter-output>
          </reporter-output>
        </test-method> <!-- testCase5 -->
      </class> <!-- com.olympics.OlympicsProjects -->
    </test> <!-- Default test -->
  </suite> <!-- Default suite -->
</testng-results>
